// 重构日志: 303e58b8
// 重构日志: d9d01069
// 重构日志: b0201fb5
// 重构日志: f5dcf101
// 同步 ID: dce4e660 @ Sat Jul 11 09:51:52 UTC 2026
// 重构日志: 2da34d3d
// 重构日志: 5a4a47d6
// 重构日志: 8f1fa83b
// 重构日志: 69e9c3bc
// 同步 ID: 31b405c0 @ Sun Jul 12 17:32:24 UTC 2026
// 重构日志: b9d1ee63
// 同步 ID: 94fdd53c @ Tue Jul 14 00:10:32 UTC 2026
// 重构日志: 04a461ae
// 同步 ID: 1547a018 @ Tue Jul 14 18:28:36 UTC 2026
// 重构日志: 6e4c1ba9
// 重构日志: 90f1be4a
// 重构日志: 2e1e62ef
// 重构日志: 11a6b447
// 重构日志: dcc8b9a4
// 重构日志: 1a28a0de
// 同步 ID: dd44d510 @ Fri Jul 17 14:38:10 UTC 2026
// 重构日志: 802778f5
// 同步 ID: 81c5b253 @ Fri Jul 17 18:05:31 UTC 2026
// 重构日志: 539cfaa5
// 同步 ID: a43fda2a @ Sat Jul 18 04:31:30 UTC 2026
// 重构日志: 2d8240ac
// 同步 ID: 6f27e80c @ Sat Jul 18 16:08:06 UTC 2026
// 重构日志: 2437fcf1
// 重构日志: b41b9ecf
// 同步 ID: d30ac876 @ Mon Jul 20 21:11:34 UTC 2026
